[20:51:06] [Client thread/INFO]: Setting user: Player421
[20:51:10] [Client thread/INFO]: LWJGL Version: 2.9.1
[20:51:13] [Client thread/INFO]: Reloading ResourceManager: Default, FMLFileResourcePack:Forge Mod Loader, FMLFileResourcePack:Minecraft Forge, FMLFileResourcePack:Example Mod, FMLFileResourcePack:SuperDopeJediMod, FMLFileResourcePack:Generic Mod
[20:51:14] [Sound Library Loader/INFO]: Starting up SoundSystem...
[20:51:14] [Thread-9/INFO]: Initializing LWJGL OpenAL
[20:51:14] [Thread-9/INFO]: (The LWJGL binding of OpenAL.  For more information, see http://www.lwjgl.org)
[20:51:14] [Thread-9/INFO]: OpenAL initialized.
[20:51:14] [Sound Library Loader/INFO]: Sound engine started
[20:51:18] [Client thread/INFO]: Created: 512x512 textures-atlas
[20:51:19] [Client thread/INFO]: Reloading ResourceManager: Default, FMLFileResourcePack:Forge Mod Loader, FMLFileResourcePack:Minecraft Forge, FMLFileResourcePack:Example Mod, FMLFileResourcePack:SuperDopeJediMod, FMLFileResourcePack:Generic Mod
[20:51:19] [Client thread/INFO]: SoundSystem shutting down...
[20:51:20] [Client thread/WARN]: Author: Paul Lamb, www.paulscode.com
[20:51:20] [Sound Library Loader/INFO]: Starting up SoundSystem...
[20:51:20] [Thread-11/INFO]: Initializing LWJGL OpenAL
[20:51:20] [Thread-11/INFO]: (The LWJGL binding of OpenAL.  For more information, see http://www.lwjgl.org)
[20:51:20] [Thread-11/INFO]: OpenAL initialized.
[20:51:20] [Sound Library Loader/INFO]: Sound engine started
[20:51:24] [Client thread/INFO]: Created: 512x512 textures-atlas
[20:51:38] [Client thread/INFO]: Stopping!
[20:51:38] [Client thread/INFO]: SoundSystem shutting down...
[20:51:38] [Client thread/WARN]: Author: Paul Lamb, www.paulscode.com
