[15:18:37] [Client thread/INFO]: Setting user: Player301
[15:18:42] [Client thread/INFO]: LWJGL Version: 2.9.1
[15:18:48] [Client thread/INFO]: Reloading ResourceManager: Default, FMLFileResourcePack:Forge Mod Loader, FMLFileResourcePack:Minecraft Forge, FMLFileResourcePack:Example Mod, FMLFileResourcePack:SuperDopeJediMod
[15:18:48] [Client thread/WARN]: ResourcePack: ignored non-lowercase namespace: superDopeJediMod/ in C:\dev\SuperDopeJediMod\environments\mc-laptop\forge-1.8-11.14.1.1412-src\bin
[15:18:48] [Client thread/WARN]: ResourcePack: ignored non-lowercase namespace: superDopeJediMod/ in C:\dev\SuperDopeJediMod\environments\mc-laptop\forge-1.8-11.14.1.1412-src\bin
[15:18:49] [Sound Library Loader/INFO]: Starting up SoundSystem...
[15:18:49] [Thread-9/INFO]: Initializing LWJGL OpenAL
[15:18:49] [Thread-9/INFO]: (The LWJGL binding of OpenAL.  For more information, see http://www.lwjgl.org)
[15:18:49] [Thread-9/INFO]: OpenAL initialized.
[15:18:49] [Sound Library Loader/INFO]: Sound engine started
[15:18:57] [Client thread/INFO]: Created: 512x512 textures-atlas
[15:18:59] [Client thread/INFO]: Reloading ResourceManager: Default, FMLFileResourcePack:Forge Mod Loader, FMLFileResourcePack:Minecraft Forge, FMLFileResourcePack:Example Mod, FMLFileResourcePack:SuperDopeJediMod
[15:19:00] [Client thread/WARN]: ResourcePack: ignored non-lowercase namespace: superDopeJediMod/ in C:\dev\SuperDopeJediMod\environments\mc-laptop\forge-1.8-11.14.1.1412-src\bin
[15:19:00] [Client thread/WARN]: ResourcePack: ignored non-lowercase namespace: superDopeJediMod/ in C:\dev\SuperDopeJediMod\environments\mc-laptop\forge-1.8-11.14.1.1412-src\bin
[15:19:00] [Client thread/INFO]: SoundSystem shutting down...
[15:19:00] [Client thread/WARN]: Author: Paul Lamb, www.paulscode.com
[15:19:00] [Sound Library Loader/INFO]: Starting up SoundSystem...
[15:19:00] [Thread-11/INFO]: Initializing LWJGL OpenAL
[15:19:00] [Thread-11/INFO]: (The LWJGL binding of OpenAL.  For more information, see http://www.lwjgl.org)
[15:19:00] [Thread-11/INFO]: OpenAL initialized.
[15:19:00] [Sound Library Loader/INFO]: Sound engine started
[15:19:07] [Client thread/INFO]: Created: 512x512 textures-atlas
[15:22:09] [Client thread/ERROR]: ########## GL ERROR ##########
[15:22:09] [Client thread/ERROR]: @ Post render
[15:22:09] [Client thread/ERROR]: 1280: Invalid enum
[15:22:09] [Client thread/ERROR]: ########## GL ERROR ##########
[15:22:09] [Client thread/ERROR]: @ Post render
[15:22:09] [Client thread/ERROR]: 1280: Invalid enum
[15:22:09] [Client thread/ERROR]: ########## GL ERROR ##########
[15:22:09] [Client thread/ERROR]: @ Post render
[15:22:09] [Client thread/ERROR]: 1280: Invalid enum
[15:22:09] [Client thread/ERROR]: ########## GL ERROR ##########
[15:22:09] [Client thread/ERROR]: @ Post render
[15:22:09] [Client thread/ERROR]: 1280: Invalid enum
[15:22:09] [Client thread/ERROR]: ########## GL ERROR ##########
[15:22:09] [Client thread/ERROR]: @ Post render
[15:22:09] [Client thread/ERROR]: 1280: Invalid enum
[15:22:09] [Client thread/ERROR]: ########## GL ERROR ##########
[15:22:09] [Client thread/ERROR]: @ Post render
[15:22:09] [Client thread/ERROR]: 1280: Invalid enum
[15:22:09] [Client thread/ERROR]: ########## GL ERROR ##########
[15:22:09] [Client thread/ERROR]: @ Post render
[15:22:09] [Client thread/ERROR]: 1280: Invalid enum
[15:22:09] [Client thread/ERROR]: ########## GL ERROR ##########
[15:22:09] [Client thread/ERROR]: @ Post render
[15:22:09] [Client thread/ERROR]: 1280: Invalid enum
[15:22:09] [Client thread/ERROR]: ########## GL ERROR ##########
[15:22:09] [Client thread/ERROR]: @ Post render
[15:22:09] [Client thread/ERROR]: 1280: Invalid enum
[15:22:09] [Client thread/ERROR]: ########## GL ERROR ##########
[15:22:09] [Client thread/ERROR]: @ Post render
[15:22:09] [Client thread/ERROR]: 1280: Invalid enum
[15:22:09] [Client thread/ERROR]: ########## GL ERROR ##########
[15:22:09] [Client thread/ERROR]: @ Post render
[15:22:09] [Client thread/ERROR]: 1280: Invalid enum
[15:22:09] [Client thread/ERROR]: ########## GL ERROR ##########
[15:22:09] [Client thread/ERROR]: @ Post render
[15:22:09] [Client thread/ERROR]: 1280: Invalid enum
[15:22:09] [Client thread/ERROR]: ########## GL ERROR ##########
[15:22:09] [Client thread/ERROR]: @ Post render
[15:22:09] [Client thread/ERROR]: 1280: Invalid enum
[15:22:09] [Client thread/ERROR]: ########## GL ERROR ##########
[15:22:09] [Client thread/ERROR]: @ Post render
[15:22:09] [Client thread/ERROR]: 1280: Invalid enum
[15:22:09] [Client thread/ERROR]: ########## GL ERROR ##########
[15:22:09] [Client thread/ERROR]: @ Post render
[15:22:09] [Client thread/ERROR]: 1280: Invalid enum
[15:22:09] [Client thread/ERROR]: ########## GL ERROR ##########
[15:22:09] [Client thread/ERROR]: @ Post render
[15:22:09] [Client thread/ERROR]: 1280: Invalid enum
[15:22:09] [Client thread/ERROR]: ########## GL ERROR ##########
[15:22:09] [Client thread/ERROR]: @ Post render
[15:22:09] [Client thread/ERROR]: 1280: Invalid enum
[15:22:09] [Client thread/ERROR]: ########## GL ERROR ##########
[15:22:09] [Client thread/ERROR]: @ Post render
[15:22:09] [Client thread/ERROR]: 1280: Invalid enum
[15:22:09] [Client thread/ERROR]: ########## GL ERROR ##########
[15:22:09] [Client thread/ERROR]: @ Post render
[15:22:09] [Client thread/ERROR]: 1280: Invalid enum
[15:22:09] [Client thread/ERROR]: ########## GL ERROR ##########
[15:22:09] [Client thread/ERROR]: @ Post render
[15:22:09] [Client thread/ERROR]: 1280: Invalid enum
[15:22:09] [Client thread/ERROR]: ########## GL ERROR ##########
[15:22:09] [Client thread/ERROR]: @ Post render
[15:22:09] [Client thread/ERROR]: 1280: Invalid enum
[15:22:10] [Client thread/ERROR]: ########## GL ERROR ##########
[15:22:10] [Client thread/ERROR]: @ Post render
[15:22:10] [Client thread/ERROR]: 1280: Invalid enum
[15:22:10] [Client thread/ERROR]: ########## GL ERROR ##########
[15:22:10] [Client thread/ERROR]: @ Post render
[15:22:10] [Client thread/ERROR]: 1280: Invalid enum
[15:22:10] [Client thread/ERROR]: ########## GL ERROR ##########
[15:22:10] [Client thread/ERROR]: @ Post render
[15:22:10] [Client thread/ERROR]: 1280: Invalid enum
[15:22:10] [Client thread/ERROR]: ########## GL ERROR ##########
[15:22:10] [Client thread/ERROR]: @ Post render
[15:22:10] [Client thread/ERROR]: 1280: Invalid enum
[15:22:10] [Client thread/ERROR]: ########## GL ERROR ##########
[15:22:10] [Client thread/ERROR]: @ Post render
[15:22:10] [Client thread/ERROR]: 1280: Invalid enum
[15:22:10] [Client thread/ERROR]: ########## GL ERROR ##########
[15:22:10] [Client thread/ERROR]: @ Post render
[15:22:10] [Client thread/ERROR]: 1280: Invalid enum
[15:22:10] [Client thread/ERROR]: ########## GL ERROR ##########
[15:22:10] [Client thread/ERROR]: @ Post render
[15:22:10] [Client thread/ERROR]: 1280: Invalid enum
[15:22:10] [Client thread/ERROR]: ########## GL ERROR ##########
[15:22:10] [Client thread/ERROR]: @ Post render
[15:22:10] [Client thread/ERROR]: 1280: Invalid enum
[15:22:10] [Client thread/ERROR]: ########## GL ERROR ##########
[15:22:10] [Client thread/ERROR]: @ Post render
[15:22:10] [Client thread/ERROR]: 1280: Invalid enum
[15:22:10] [Client thread/ERROR]: ########## GL ERROR ##########
[15:22:10] [Client thread/ERROR]: @ Post render
[15:22:10] [Client thread/ERROR]: 1280: Invalid enum
[15:22:10] [Client thread/ERROR]: ########## GL ERROR ##########
[15:22:10] [Client thread/ERROR]: @ Post render
[15:22:10] [Client thread/ERROR]: 1280: Invalid enum
[15:22:10] [Client thread/ERROR]: ########## GL ERROR ##########
[15:22:10] [Client thread/ERROR]: @ Post render
[15:22:10] [Client thread/ERROR]: 1280: Invalid enum
[15:22:10] [Client thread/ERROR]: ########## GL ERROR ##########
[15:22:10] [Client thread/ERROR]: @ Post render
[15:22:10] [Client thread/ERROR]: 1280: Invalid enum
[15:22:10] [Client thread/ERROR]: ########## GL ERROR ##########
[15:22:10] [Client thread/ERROR]: @ Post render
[15:22:10] [Client thread/ERROR]: 1280: Invalid enum
[15:22:10] [Client thread/ERROR]: ########## GL ERROR ##########
[15:22:10] [Client thread/ERROR]: @ Post render
[15:22:10] [Client thread/ERROR]: 1280: Invalid enum
[15:22:10] [Client thread/ERROR]: ########## GL ERROR ##########
[15:22:10] [Client thread/ERROR]: @ Post render
[15:22:10] [Client thread/ERROR]: 1280: Invalid enum
[15:22:14] [Server thread/INFO]: Starting integrated minecraft server version 1.8
[15:22:14] [Server thread/INFO]: Generating keypair
[15:22:15] [Server thread/INFO]: Preparing start region for level 0
[15:22:16] [Server thread/INFO]: Preparing spawn area: 25%
[15:22:17] [Server thread/INFO]: Changing view distance to 12, from 10
[15:22:19] [Server thread/INFO]: Player301[local:E:dae5384a] logged in with entity id 187 at (-196.1172679262592, 74.0, 145.629357362616)
[15:22:19] [Server thread/INFO]: Player301 joined the game
[15:22:21] [pool-2-thread-1/WARN]: Couldn't look up profile properties for com.mojang.authlib.GameProfile@24e2d0d1[id=e5dd22dc-f598-3b10-8140-672a285a563c,name=Player301,properties={},legacy=false]
com.mojang.authlib.exceptions.AuthenticationException: The client has sent too many requests within a certain amount of time
	at com.mojang.authlib.yggdrasil.YggdrasilAuthenticationService.makeRequest(YggdrasilAuthenticationService.java:65) ~[YggdrasilAuthenticationService.class:?]
	at com.mojang.authlib.yggdrasil.YggdrasilMinecraftSessionService.fillGameProfile(YggdrasilMinecraftSessionService.java:158) [YggdrasilMinecraftSessionService.class:?]
	at com.mojang.authlib.yggdrasil.YggdrasilMinecraftSessionService$1.load(YggdrasilMinecraftSessionService.java:53) [YggdrasilMinecraftSessionService$1.class:?]
	at com.mojang.authlib.yggdrasil.YggdrasilMinecraftSessionService$1.load(YggdrasilMinecraftSessionService.java:50) [YggdrasilMinecraftSessionService$1.class:?]
	at com.google.common.cache.LocalCache$LoadingValueReference.loadFuture(LocalCache.java:3524) [guava-17.0.jar:?]
	at com.google.common.cache.LocalCache$Segment.loadSync(LocalCache.java:2317) [guava-17.0.jar:?]
	at com.google.common.cache.LocalCache$Segment.lockedGetOrLoad(LocalCache.java:2280) [guava-17.0.jar:?]
	at com.google.common.cache.LocalCache$Segment.get(LocalCache.java:2195) [guava-17.0.jar:?]
	at com.google.common.cache.LocalCache.get(LocalCache.java:3934) [guava-17.0.jar:?]
	at com.google.common.cache.LocalCache.getOrLoad(LocalCache.java:3938) [guava-17.0.jar:?]
	at com.google.common.cache.LocalCache$LocalLoadingCache.get(LocalCache.java:4821) [guava-17.0.jar:?]
	at com.google.common.cache.LocalCache$LocalLoadingCache.getUnchecked(LocalCache.java:4827) [guava-17.0.jar:?]
	at com.mojang.authlib.yggdrasil.YggdrasilMinecraftSessionService.fillProfileProperties(YggdrasilMinecraftSessionService.java:148) [YggdrasilMinecraftSessionService.class:?]
	at net.minecraft.client.resources.SkinManager$3.run(SkinManager.java:138) [SkinManager$3.class:?]
	at java.util.concurrent.Executors$RunnableAdapter.call(Unknown Source) [?:1.8.0_45]
	at java.util.concurrent.FutureTask.run(Unknown Source) [?:1.8.0_45]
	at java.util.concurrent.ThreadPoolExecutor.runWorker(Unknown Source) [?:1.8.0_45]
	at java.util.concurrent.ThreadPoolExecutor$Worker.run(Unknown Source) [?:1.8.0_45]
	at java.lang.Thread.run(Unknown Source) [?:1.8.0_45]
[15:22:32] [Server thread/INFO]: Player301 has just earned the achievement [Taking Inventory]
[15:22:32] [Client thread/INFO]: [CHAT] Player301 has just earned the achievement [Taking Inventory]
[15:38:20] [Server thread/WARN]: Can't keep up! Did the system time change, or is the server overloaded? Running [15:38:23] [Client thread/INFO]: Rel[15:38:53] [Server thread/WARN]: Can't keep up! Did the system time change, or is the server overloaded? Running 2166ms behind, skipping 43 tick(s)
[15:39:09] [Server thread/WARN]: Can't keep up! Did the system time change, or is the server overloaded? Running 3277ms behind, skipping 65 tick(s)
[15:39:35] [Server thread/WARN]: The save is being accessed from another location, aborting
[15:39:56] [Server thread/WARN]: Can't keep up! Did the system time change, or is the server overloaded? Running 3206ms behind, skipping 64 tick(s)
[15:40:21] [Server thread/WARN]: The save is being accessed from another location, aborting
[15:41:06] [Server thread/WARN]: The save is being accessed from another location, aborting
[15:41:51] [Server thread/WARN]: The save is being accessed from another location, aborting
[15:42:36] [Server thread/WARN]: The save is being accessed from another location, aborting
[15:43:21] [Server thread/WARN]: The save is being accessed from another location, aborting
[15:44:06] [Server thread/WARN]: The save is being accessed from another location, aborting
[15:44:51] [Server thread/WARN]: The save is being accessed from another location, aborting
[15:45:36] [Server thread/WARN]: The save is being accessed from another location, aborting
[15:46:21] [Server thread/WARN]: The save is being accessed from another location, aborting
[15:47:06] [Server thread/WARN]: The save is being accessed from another location, aborting
[15:47:51] [Server thread/WARN]: The save is being accessed from another location, aborting
[15:48:36] [Server thread/WARN]: The save is being accessed from another location, aborting
[15:49:21] [Server thread/WARN]: The save is being accessed from another location, aborting
[15:50:06] [Server thread/WARN]: The save is being accessed from another location, aborting
[15:50:51] [Server thread/WARN]: The save is being accessed from another location, aborting
[15:51:36] [Server thread/WARN]: The save is being accessed from another location, aborting
[15:52:21] [Server thread/WARN]: The save is being accessed from another location, aborting
[15:53:06] [Server thread/WARN]: The save is being accessed from another location, aborting
[15:53:51] [Server thread/WARN]: The save is being accessed from another location, aborting
[15:54:36] [Server thread/WARN]: The save is being accessed from another location, aborting
] [Server thread/INFO]: Changing view distance to 12, from 10
[15:39:05] [Server thread/INFO]: Player257[local:E:e9154c3a] logged in with entity id 216 at (-196.1172679262592, 74.0, 145.629357362616)
[15:39:05] [Server thread/INFO]: Player257 joined the game
[15:39:07] [pool-2-thread-1/WARN]: Couldn't look up profile properties for com.mojang.authlib.GameProfile@118b73d9[id=50e1ab02-92db-38bb-86bf-431939b828b5,name=Player257,properties={},legacy=false]
com.mojang.authlib.exceptions.AuthenticationException: The client has sent too many requests within a certain amount of time
	at com.mojang.authlib.yggdrasil.YggdrasilAuthenticationService.makeRequest(YggdrasilAuthenticationService.java:65) ~[YggdrasilAuthenticationService.class:?]
	at com.mojang.authlib.yggdrasil.YggdrasilMinecraftSessionService.fillGameProfile(YggdrasilMinecraftSessionService.java:158) [YggdrasilMinecraftSessionService.class:?]
	at com.mojang.authlib.yggdrasil.YggdrasilMinecraftSessionService$1.load(YggdrasilMinecraftSessionService.java:53) [YggdrasilMinecraftSessionService$1.class:?]
	at com.mojang.authlib.yggdrasil.YggdrasilMinecraftSessionService$1.load(YggdrasilMinecraftSessionService.java:50) [YggdrasilMinecraftSessionService$1.class:?]
	at com.google.common.cache.LocalCache$LoadingValueReference.loadFuture(LocalCache.java:3524) [guava-17.0.jar:?]
	at com.google.common.cache.LocalCache$Segment.loadSync(LocalCache.java:2317) [guava-17.0.jar:?]
	at com.google.common.cache.LocalCache$Segment.lockedGetOrLoad(LocalCache.java:2280) [guava-17.0.jar:?]
	at com.google.common.cache.LocalCache$Segment.get(LocalCache.java:2195) [guava-17.0.jar:?]
	at com.google.common.cache.LocalCache.get(LocalCache.java:3934) [guava-17.0.jar:?]
	at com.google.common.cache.LocalCache.getOrLoad(LocalCache.java:3938) [guava-17.0.jar:?]
	at com.google.common.cache.LocalCache$LocalLoadingCache.get(LocalCache.java:4821) [guava-17.0.jar:?]
	at com.google.common.cache.LocalCache$LocalLoadingCache.getUnchecked(LocalCache.java:4827) [guava-17.0.jar:?]
	at com.mojang.authlib.yggdrasil.YggdrasilMinecraftSessionService.fillProfileProperties(YggdrasilMinecraftSessionService.java:148) [YggdrasilMinecraftSessionService.class:?]
	at net.minecraft.client.resources.SkinManager$3.run(SkinManager.java:138) [SkinManager$3.class:?]
	at java.util.concurrent.Executors$RunnableAdapter.call(Unknown Source) [?:1.8.0_45]
	at java.util.concurrent.FutureTask.run(Unknown Source) [?:1.8.0_45]
	at java.util.concurrent.ThreadPoolExecutor.runWorker(Unknown Source) [?:1.8.0_45]
	at java.util.concurrent.ThreadPoolExecutor$Worker.run(Unknown Source) [?:1.8.0_45]
	at java.lang.Thread.run(Unknown Source) [?:1.8.0_45]
[15:39:30] [Server thread/INFO]: Player257 has just earned the achievement [Taking Inventory]
[15:39:30] [Client thread/INFO]: [CHAT] Player257 has just earned the achievement [Taking Inventory]
[15:40:52] [Server thread/INFO]: Saving and pausing game...
[15:40:52] [Server thread/INFO]: Saving chunks for level 'test-creative'/Overworld
[15:40:52] [Server thread/INFO]: Saving chunks for level 'test-creative'/Nether
[15:40:53] [Server thread/INFO]: Saving chunks for level 'test-creative'/The End
[15:41:44] [Client thread/INFO]: Stopping!
[15:41:44] [Client thread/INFO]: SoundSystem shutting down...
[15:41:44] [Server thread/INFO]: Stopping server
[15:41:44] [Server thread/INFO]: Saving players
[15:41:44] [Server thread/INFO]: Saving worlds
[15:41:44] [Server thread/INFO]: Saving chunks for level 'test-creative'/Overworld
[15:41:44] [Server thread/INFO]: Saving chunks for level 'test-creative'/Nether
[15:41:44] [Server thread/INFO]: Saving chunks for level 'test-creative'/The End
[15:41:44] [Client thread/WARN]: Author: Paul Lamb, www.paulscode.com
