[11:20:45] [Client thread/INFO]: Setting user: Player711
[11:20:50] [Client thread/INFO]: LWJGL Version: 2.9.1
[11:20:55] [Client thread/INFO]: Reloading ResourceManager: Default, FMLFileResourcePack:Forge Mod Loader, FMLFileResourcePack:Minecraft Forge, FMLFileResourcePack:SuperDopeJediMod
[11:20:56] [Sound Library Loader/INFO]: Starting up SoundSystem...
[11:20:56] [Thread-9/INFO]: Initializing LWJGL OpenAL
[11:20:56] [Thread-9/INFO]: (The LWJGL binding of OpenAL.  For more information, see http://www.lwjgl.org)
[11:20:56] [Thread-9/INFO]: OpenAL initialized.
[11:20:57] [Sound Library Loader/INFO]: Sound engine started
[11:21:00] [Client thread/WARN]: Unable to load definition superdopejedimod:brownSteel#normal
java.lang.RuntimeException: Encountered an exception when loading model definition of 'superdopejedimod:brownSteel#normal' from: 'superdopejedimod:blockstates/brownSteel.json' in resourcepack: 'FMLFileResourcePack:SuperDopeJediMod'
	at net.minecraft.client.resources.model.ModelBakery.getModelBlockDefinition(ModelBakery.java:167) ~[ModelBakery.class:?]
	at net.minecraft.client.resources.model.ModelBakery.loadVariants(ModelBakery.java:118) [ModelBakery.class:?]
	at net.minecraftforge.client.model.ModelLoader.loadBlocks(ModelLoader.java:121) [ModelLoader.class:?]
	at net.minecraftforge.client.model.ModelLoader.setupModelRegistry(ModelLoader.java:91) [ModelLoader.class:?]
	at net.minecraft.client.resources.model.ModelManager.onResourceManagerReload(ModelManager.java:29) [ModelManager.class:?]
	at net.minecraft.client.resources.SimpleReloadableResourceManager.registerReloadListener(SimpleReloadableResourceManager.java:130) [SimpleReloadableResourceManager.class:?]
	at net.minecraft.client.Minecraft.startGame(Minecraft.java:511) [Minecraft.class:?]
	at net.minecraft.client.Minecraft.run(Minecraft.java:356) [Minecraft.class:?]
	at net.minecraft.client.main.Main.main(Main.java:117) [Main.class:?]
	at sun.reflect.NativeMethodAccessorImpl.invoke0(Native Method) ~[?:1.8.0_45]
	at sun.reflect.NativeMethodAccessorImpl.invoke(Unknown Source) ~[?:1.8.0_45]
	at sun.reflect.DelegatingMethodAccessorImpl.invoke(Unknown Source) ~[?:1.8.0_45]
	at java.lang.reflect.Method.invoke(Unknown Source) ~[?:1.8.0_45]
	at net.minecraft.launchwrapper.Launch.launch(Launch.java:135) [launchwrapper-1.11.jar:?]
	at net.minecraft.launchwrapper.Launch.main(Launch.java:28) [launchwrapper-1.11.jar:?]
	at net.minecraftforge.gradle.GradleStartCommon.launch(Unknown Source) [start/:?]
	at GradleStart.main(Unknown Source) [start/:?]
Caused by: com.google.gson.JsonSyntaxException: com.google.gson.stream.MalformedJsonException: Expected name at line 4 column 6
	at com.google.gson.internal.Streams.parse(Streams.java:56) ~[Streams.class:?]
	at com.google.gson.TreeTypeAdapter.read(TreeTypeAdapter.java:54) ~[TreeTypeAdapter.class:?]
	at com.google.gson.Gson.fromJson(Gson.java:803) ~[Gson.class:?]
	at com.google.gson.Gson.fromJson(Gson.java:741) ~[Gson.class:?]
	at net.minecraft.client.renderer.block.model.ModelBlockDefinition.parseFromReader(ModelBlockDefinition.java:35) ~[ModelBlockDefinition.class:?]
	at net.minecraft.client.resources.model.ModelBakery.getModelBlockDefinition(ModelBakery.java:162) ~[ModelBakery.class:?]
	... 16 more
Caused by: com.google.gson.stream.MalformedJsonException: Expected name at line 4 column 6
	at com.google.gson.stream.JsonReader.syntaxError(JsonReader.java:1505) ~[JsonReader.class:?]
	at com.google.gson.stream.JsonReader.doPeek(JsonReader.java:494) ~[JsonReader.class:?]
	at com.google.gson.stream.JsonReader.hasNext(JsonReader.java:403) ~[JsonReader.class:?]
	at com.google.gson.internal.bind.TypeAdapters$25.read(TypeAdapters.java:666) ~[TypeAdapters$25.class:?]
	at com.google.gson.internal.bind.TypeAdapters$25.read(TypeAdapters.java:667) ~[TypeAdapters$25.class:?]
	at com.google.gson.internal.bind.TypeAdapters$25.read(TypeAdapters.java:642) ~[TypeAdapters$25.class:?]
	at com.google.gson.internal.Streams.parse(Streams.java:44) ~[Streams.class:?]
	at com.google.gson.TreeTypeAdapter.read(TreeTypeAdapter.java:54) ~[TreeTypeAdapter.class:?]
	at com.google.gson.Gson.fromJson(Gson.java:803) ~[Gson.class:?]
	at com.google.gson.Gson.fromJson(Gson.java:741) ~[Gson.class:?]
	at net.minecraft.client.renderer.block.model.ModelBlockDefinition.parseFromReader(ModelBlockDefinition.java:35) ~[ModelBlockDefinition.class:?]
	at net.minecraft.client.resources.model.ModelBakery.getModelBlockDefinition(ModelBakery.java:162) ~[ModelBakery.class:?]
	... 16 more
[11:21:01] [Client thread/INFO]: Created: 512x512 textures-atlas
[11:21:03] [Client thread/INFO]: Reloading ResourceManager: Default, FMLFileResourcePack:Forge Mod Loader, FMLFileResourcePack:Minecraft Forge, FMLFileResourcePack:SuperDopeJediMod
[11:21:03] [Client thread/INFO]: SoundSystem shutting down...
[11:21:03] [Client thread/WARN]: Author: Paul Lamb, www.paulscode.com
[11:21:03] [Sound Library Loader/INFO]: Starting up SoundSystem...
[11:21:03] [Thread-11/INFO]: Initializing LWJGL OpenAL
[11:21:03] [Thread-11/INFO]: (The LWJGL binding of OpenAL.  For more information, see http://www.lwjgl.org)
[11:21:03] [Thread-11/INFO]: OpenAL initialized.
[11:21:04] [Sound Library Loader/INFO]: Sound engine started
[11:21:07] [Client thread/WARN]: Unable to load definition superdopejedimod:brownSteel#normal
java.lang.RuntimeException: Encountered an exception when loading model definition of 'superdopejedimod:brownSteel#normal' from: 'superdopejedimod:blockstates/brownSteel.json' in resourcepack: 'FMLFileResourcePack:SuperDopeJediMod'
	at net.minecraft.client.resources.model.ModelBakery.getModelBlockDefinition(ModelBakery.java:167) ~[ModelBakery.class:?]
	at net.minecraft.client.resources.model.ModelBakery.loadVariants(ModelBakery.java:118) [ModelBakery.class:?]
	at net.minecraftforge.client.model.ModelLoader.loadBlocks(ModelLoader.java:121) [ModelLoader.class:?]
	at net.minecraftforge.client.model.ModelLoader.setupModelRegistry(ModelLoader.java:91) [ModelLoader.class:?]
	at net.minecraft.client.resources.model.ModelManager.onResourceManagerReload(ModelManager.java:29) [ModelManager.class:?]
	at net.minecraft.client.resources.SimpleReloadableResourceManager.notifyReloadListeners(SimpleReloadableResourceManager.java:143) [SimpleReloadableResourceManager.class:?]
	at net.minecraft.client.resources.SimpleReloadableResourceManager.reloadResources(SimpleReloadableResourceManager.java:121) [SimpleReloadableResourceManager.class:?]
	at net.minecraft.client.Minecraft.refreshResources(Minecraft.java:774) [Minecraft.class:?]
	at net.minecraftforge.fml.client.FMLClientHandler.finishMinecraftLoading(FMLClientHandler.java:329) [FMLClientHandler.class:?]
	at net.minecraft.client.Minecraft.startGame(Minecraft.java:528) [Minecraft.class:?]
	at net.minecraft.client.Minecraft.run(Minecraft.java:356) [Minecraft.class:?]
	at net.minecraft.client.main.Main.main(Main.java:117) [Main.class:?]
	at sun.reflect.NativeMethodAccessorImpl.invoke0(Native Method) ~[?:1.8.0_45]
	at sun.reflect.NativeMethodAccessorImpl.invoke(Unknown Source) ~[?:1.8.0_45]
	at sun.reflect.DelegatingMethodAccessorImpl.invoke(Unknown Source) ~[?:1.8.0_45]
	at java.lang.reflect.Method.invoke(Unknown Source) ~[?:1.8.0_45]
	at net.minecraft.launchwrapper.Launch.launch(Launch.java:135) [launchwrapper-1.11.jar:?]
	at net.minecraft.launchwrapper.Launch.main(Launch.java:28) [launchwrapper-1.11.jar:?]
	at net.minecraftforge.gradle.GradleStartCommon.launch(Unknown Source) [start/:?]
	at GradleStart.main(Unknown Source) [start/:?]
Caused by: com.google.gson.JsonSyntaxException: com.google.gson.stream.MalformedJsonException: Expected name at line 4 column 6
	at com.google.gson.internal.Streams.parse(Streams.java:56) ~[Streams.class:?]
	at com.google.gson.TreeTypeAdapter.read(TreeTypeAdapter.java:54) ~[TreeTypeAdapter.class:?]
	at com.google.gson.Gson.fromJson(Gson.java:803) ~[Gson.class:?]
	at com.google.gson.Gson.fromJson(Gson.java:741) ~[Gson.class:?]
	at net.minecraft.client.renderer.block.model.ModelBlockDefinition.parseFromReader(ModelBlockDefinition.java:35) ~[ModelBlockDefinition.class:?]
	at net.minecraft.client.resources.model.ModelBakery.getModelBlockDefinition(ModelBakery.java:162) ~[ModelBakery.class:?]
	... 19 more
Caused by: com.google.gson.stream.MalformedJsonException: Expected name at line 4 column 6
	at com.google.gson.stream.JsonReader.syntaxError(JsonReader.java:1505) ~[JsonReader.class:?]
	at com.google.gson.stream.JsonReader.doPeek(JsonReader.java:494) ~[JsonReader.class:?]
	at com.google.gson.stream.JsonReader.hasNext(JsonReader.java:403) ~[JsonReader.class:?]
	at com.google.gson.internal.bind.TypeAdapters$25.read(TypeAdapters.java:666) ~[TypeAdapters$25.class:?]
	at com.google.gson.internal.bind.TypeAdapters$25.read(TypeAdapters.java:667) ~[TypeAdapters$25.class:?]
	at com.google.gson.internal.bind.TypeAdapters$25.read(TypeAdapters.java:642) ~[TypeAdapters$25.class:?]
	at com.google.gson.internal.Streams.parse(Streams.java:44) ~[Streams.class:?]
	at com.google.gson.TreeTypeAdapter.read(TreeTypeAdapter.java:54) ~[TreeTypeAdapter.class:?]
	at com.google.gson.Gson.fromJson(Gson.java:803) ~[Gson.class:?]
	at com.google.gson.Gson.fromJson(Gson.java:741) ~[Gson.class:?]
	at net.minecraft.client.renderer.block.model.ModelBlockDefinition.parseFromReader(ModelBlockDefinition.java:35) ~[ModelBlockDefinition.class:?]
	at net.minecraft.client.resources.model.ModelBakery.getModelBlockDefinition(ModelBakery.java:162) ~[ModelBakery.class:?]
	... 19 more
[11:21:09] [Client thread/INFO]: Created: 512x512 textures-atlas
[11:21:10] [Client thread/INFO]: Stopping!
[11:21:10] [Client thread/INFO]: SoundSystem shutting down...
[11:21:10] [Client thread/WARN]: Author: Paul Lamb, www.paulscode.com
