[18:04:41] [Client thread/INFO]: Setting user: Player652
[18:04:45] [Client thread/INFO]: LWJGL Version: 2.9.1
[18:04:49] [Client thread/INFO]: Reloading ResourceManager: Default, FMLFileResourcePack:Forge Mod Loader, FMLFileResourcePack:Minecraft Forge, FMLFileResourcePack:Example Mod, FMLFileResourcePack:SuperDopeJediMod
[18:04:50] [Sound Library Loader/INFO]: Starting up SoundSystem...
[18:04:50] [Thread-7/INFO]: Initializing LWJGL OpenAL
[18:04:50] [Thread-7/INFO]: (The LWJGL binding of OpenAL.  For more information, see http://www.lwjgl.org)
[18:04:50] [Thread-7/INFO]: OpenAL initialized.
[18:04:50] [Sound Library Loader/INFO]: Sound engine started
[18:04:53] [Client thread/INFO]: Created: 512x512 textures-atlas
[18:04:54] [Client thread/INFO]: Reloading ResourceManager: Default, FMLFileResourcePack:Forge Mod Loader, FMLFileResourcePack:Minecraft Forge, FMLFileResourcePack:Example Mod, FMLFileResourcePack:SuperDopeJediMod
[18:04:54] [Client thread/INFO]: SoundSystem shutting down...
[18:04:55] [Client thread/WARN]: Author: Paul Lamb, www.paulscode.com
[18:04:55] [Sound Library Loader/INFO]: Starting up SoundSystem...
[18:04:55] [Thread-9/INFO]: Initializing LWJGL OpenAL
[18:04:55] [Thread-9/INFO]: (The LWJGL binding of OpenAL.  For more information, see http://www.lwjgl.org)
[18:04:55] [Thread-9/INFO]: OpenAL initialized.
[18:04:55] [Sound Library Loader/INFO]: Sound engine started
[18:04:57] [Client thread/INFO]: Created: 512x512 textures-atlas
[18:05:01] [Server thread/INFO]: Starting integrated minecraft server version 1.8
[18:05:01] [Server thread/INFO]: Generating keypair
[18:05:01] [Server thread/INFO]: Preparing start region for level 0
[18:05:02] [Server thread/INFO]: Preparing spawn area: 22%
[18:05:04] [Server thread/INFO]: Changing view distance to 12, from 10
[18:05:04] [Server thread/INFO]: Player652[local:E:67ad3588] logged in with entity id 413 at (-225.04174365092996, 64.0, 276.21927382015593)
[18:05:04] [Server thread/INFO]: Player652 joined the game
[18:05:08] [Server thread/WARN]: Can't keep up! Did the system time change, or is the server overloaded? Running 2028ms behind, skipping 40 tick(s)
[18:05:10] [Server thread/INFO]: Player652 has just earned the achievement [Taking Inventory]
[18:05:10] [Client thread/INFO]: [CHAT] Player652 has just earned the achievement [Taking Inventory]
[18:05:24] [Server thread/INFO]: Saving and pausing game...
[18:05:24] [Server thread/INFO]: Saving chunks for level 'New World'/Overworld
[18:05:25] [Server thread/INFO]: Saving chunks for level 'New World'/Nether
[18:05:25] [Server thread/INFO]: Saving chunks for level 'New World'/The End
[18:05:26] [Server thread/INFO]: Saving and pausing game...
[18:05:26] [Server thread/INFO]: Saving chunks for level 'New World'/Overworld
[18:05:26] [Server thread/INFO]: Saving chunks for level 'New World'/Nether
[18:05:26] [Server thread/INFO]: Saving chunks for level 'New World'/The End
[18:06:44] [Chunk Batcher 0/WARN]: Needed to grow BufferBuilder buffer: Old size 524288 bytes, new size 2621440 bytes.
[18:06:46] [Client thread/INFO]: Stopping!
[18:06:46] [Client thread/INFO]: SoundSystem shutting down...
[18:06:46] [Server thread/INFO]: Stopping server
[18:06:46] [Server thread/INFO]: Saving players
[18:06:46] [Server thread/INFO]: Saving worlds
[18:06:46] [Server thread/INFO]: Saving chunks for level 'New World'/Overworld
[18:06:46] [Server thread/INFO]: Saving chunks for level 'New World'/Nether
[18:06:46] [Server thread/INFO]: Saving chunks for level 'New World'/The End
[18:06:46] [Client thread/WARN]: Author: Paul Lamb, www.paulscode.com
[18:06:47] [Client Shutdown Thread/INFO]: Stopping server
[18:06:47] [Client Shutdown Thread/INFO]: Saving players
[18:06:47] [Client Shutdown Thread/INFO]: Saving worlds
[18:06:47] [Client Shutdown Thread/INFO]: Saving chunks for level 'New World'/Overworld
