[20:26:04] [Client thread/INFO]: Setting user: Player957
[20:26:06] [Client thread/INFO]: LWJGL Version: 2.9.1
[20:26:09] [Client thread/INFO]: Reloading ResourceManager: Default, FMLFileResourcePack:Forge Mod Loader, FMLFileResourcePack:Minecraft Forge, FMLFileResourcePack:SuperDopeJediMod
[20:26:10] [Sound Library Loader/INFO]: Starting up SoundSystem...
[20:26:10] [Thread-9/INFO]: Initializing LWJGL OpenAL
[20:26:10] [Thread-9/INFO]: (The LWJGL binding of OpenAL.  For more information, see http://www.lwjgl.org)
[20:26:10] [Thread-9/INFO]: OpenAL initialized.
[20:26:11] [Sound Library Loader/INFO]: Sound engine started
[20:26:12] [Client thread/WARN]: Unable to load definition superdopejedimod:brownSteel#normal
java.lang.RuntimeException: Encountered an exception when loading model definition of 'superdopejedimod:brownSteel#normal' from: 'superdopejedimod:blockstates/brownSteel.json' in resourcepack: 'FMLFileResourcePack:SuperDopeJediMod'
	at net.minecraft.client.resources.model.ModelBakery.getModelBlockDefinition(ModelBakery.java:167) ~[ModelBakery.class:?]
	at net.minecraft.client.resources.model.ModelBakery.loadVariants(ModelBakery.java:118) [ModelBakery.class:?]
	at net.minecraftforge.client.model.ModelLoader.loadBlocks(ModelLoader.java:134) [ModelLoader.class:?]
	at net.minecraftforge.client.model.ModelLoader.setupModelRegistry(ModelLoader.java:95) [ModelLoader.class:?]
	at net.minecraft.client.resources.model.ModelManager.onResourceManagerReload(ModelManager.java:29) [ModelManager.class:?]
	at net.minecraft.client.resources.SimpleReloadableResourceManager.registerReloadListener(SimpleReloadableResourceManager.java:130) [SimpleReloadableResourceManager.class:?]
	at net.minecraft.client.Minecraft.startGame(Minecraft.java:512) [Minecraft.class:?]
	at net.minecraft.client.Minecraft.run(Minecraft.java:356) [Minecraft.class:?]
	at net.minecraft.client.main.Main.main(Main.java:117) [Main.class:?]
	at sun.reflect.NativeMethodAccessorImpl.invoke0(Native Method) ~[?:1.8.0_45]
	at sun.reflect.NativeMethodAccessorImpl.invoke(Unknown Source) ~[?:1.8.0_45]
	at sun.reflect.DelegatingMethodAccessorImpl.invoke(Unknown Source) ~[?:1.8.0_45]
	at java.lang.reflect.Method.invoke(Unknown Source) ~[?:1.8.0_45]
	at net.minecraft.launchwrapper.Launch.launch(Launch.java:135) [launchwrapper-1.11.jar:?]
	at net.minecraft.launchwrapper.Launch.main(Launch.java:28) [launchwrapper-1.11.jar:?]
	at net.minecraftforge.gradle.GradleStartCommon.launch(Unknown Source) [start/:?]
	at GradleStart.main(Unknown Source) [start/:?]
Caused by: com.google.gson.JsonSyntaxException: com.google.gson.stream.MalformedJsonException: Expected name at line 4 column 6
	at com.google.gson.Gson.fromJson(Gson.java:818) ~[Gson.class:?]
	at com.google.gson.Gson.fromJson(Gson.java:768) ~[Gson.class:?]
	at com.google.gson.Gson.fromJson(Gson.java:717) ~[Gson.class:?]
	at com.google.gson.Gson.fromJson(Gson.java:689) ~[Gson.class:?]
	at net.minecraftforge.client.model.BlockStateLoader.load(BlockStateLoader.java:55) ~[BlockStateLoader.class:?]
	at net.minecraft.client.renderer.block.model.ModelBlockDefinition.parseFromReader(ModelBlockDefinition.java:35) ~[ModelBlockDefinition.class:?]
	at net.minecraft.client.resources.model.ModelBakery.getModelBlockDefinition(ModelBakery.java:162) ~[ModelBakery.class:?]
	... 16 more
Caused by: com.google.gson.stream.MalformedJsonException: Expected name at line 4 column 6
	at com.google.gson.stream.JsonReader.syntaxError(JsonReader.java:1505) ~[JsonReader.class:?]
	at com.google.gson.stream.JsonReader.doPeek(JsonReader.java:494) ~[JsonReader.class:?]
	at com.google.gson.stream.JsonReader.skipValue(JsonReader.java:1209) ~[JsonReader.class:?]
	at com.google.gson.internal.bind.ReflectiveTypeAdapterFactory$Adapter.read(ReflectiveTypeAdapterFactory.java:170) ~[ReflectiveTypeAdapterFactory$Adapter.class:?]
	at com.google.gson.Gson.fromJson(Gson.java:803) ~[Gson.class:?]
	at com.google.gson.Gson.fromJson(Gson.java:768) ~[Gson.class:?]
	at com.google.gson.Gson.fromJson(Gson.java:717) ~[Gson.class:?]
	at com.google.gson.Gson.fromJson(Gson.java:689) ~[Gson.class:?]
	at net.minecraftforge.client.model.BlockStateLoader.load(BlockStateLoader.java:55) ~[BlockStateLoader.class:?]
	at net.minecraft.client.renderer.block.model.ModelBlockDefinition.parseFromReader(ModelBlockDefinition.java:35) ~[ModelBlockDefinition.class:?]
	at net.minecraft.client.resources.model.ModelBakery.getModelBlockDefinition(ModelBakery.java:162) ~[ModelBakery.class:?]
	... 16 more
[20:26:13] [Client thread/INFO]: Created: 512x512 textures-atlas
[20:26:14] [Client thread/INFO]: Reloading ResourceManager: Default, FMLFileResourcePack:Forge Mod Loader, FMLFileResourcePack:Minecraft Forge, FMLFileResourcePack:SuperDopeJediMod
[20:26:14] [Client thread/INFO]: SoundSystem shutting down...
[20:26:14] [Client thread/WARN]: Author: Paul Lamb, www.paulscode.com
[20:26:14] [Sound Library Loader/INFO]: Starting up SoundSystem...
[20:26:14] [Thread-11/INFO]: Initializing LWJGL OpenAL
[20:26:14] [Thread-11/INFO]: (The LWJGL binding of OpenAL.  For more information, see http://www.lwjgl.org)
[20:26:14] [Thread-11/INFO]: OpenAL initialized.
[20:26:14] [Sound Library Loader/INFO]: Sound engine started
[20:26:15] [Client thread/WARN]: Unable to load definition superdopejedimod:brownSteel#normal
java.lang.RuntimeException: Encountered an exception when loading model definition of 'superdopejedimod:brownSteel#normal' from: 'superdopejedimod:blockstates/brownSteel.json' in resourcepack: 'FMLFileResourcePack:SuperDopeJediMod'
	at net.minecraft.client.resources.model.ModelBakery.getModelBlockDefinition(ModelBakery.java:167) ~[ModelBakery.class:?]
	at net.minecraft.client.resources.model.ModelBakery.loadVariants(ModelBakery.java:118) [ModelBakery.class:?]
	at net.minecraftforge.client.model.ModelLoader.loadBlocks(ModelLoader.java:134) [ModelLoader.class:?]
	at net.minecraftforge.client.model.ModelLoader.setupModelRegistry(ModelLoader.java:95) [ModelLoader.class:?]
	at net.minecraft.client.resources.model.ModelManager.onResourceManagerReload(ModelManager.java:29) [ModelManager.class:?]
	at net.minecraft.client.resources.SimpleReloadableResourceManager.notifyReloadListeners(SimpleReloadableResourceManager.java:143) [SimpleReloadableResourceManager.class:?]
	at net.minecraft.client.resources.SimpleReloadableResourceManager.reloadResources(SimpleReloadableResourceManager.java:121) [SimpleReloadableResourceManager.class:?]
	at net.minecraft.client.Minecraft.refreshResources(Minecraft.java:775) [Minecraft.class:?]
	at net.minecraftforge.fml.client.FMLClientHandler.finishMinecraftLoading(FMLClientHandler.java:331) [FMLClientHandler.class:?]
	at net.minecraft.client.Minecraft.startGame(Minecraft.java:529) [Minecraft.class:?]
	at net.minecraft.client.Minecraft.run(Minecraft.java:356) [Minecraft.class:?]
	at net.minecraft.client.main.Main.main(Main.java:117) [Main.class:?]
	at sun.reflect.NativeMethodAccessorImpl.invoke0(Native Method) ~[?:1.8.0_45]
	at sun.reflect.NativeMethodAccessorImpl.invoke(Unknown Source) ~[?:1.8.0_45]
	at sun.reflect.DelegatingMethodAccessorImpl.invoke(Unknown Source) ~[?:1.8.0_45]
	at java.lang.reflect.Method.invoke(Unknown Source) ~[?:1.8.0_45]
	at net.minecraft.launchwrapper.Launch.launch(Launch.java:135) [launchwrapper-1.11.jar:?]
	at net.minecraft.launchwrapper.Launch.main(Launch.java:28) [launchwrapper-1.11.jar:?]
	at net.minecraftforge.gradle.GradleStartCommon.launch(Unknown Source) [start/:?]
	at GradleStart.main(Unknown Source) [start/:?]
Caused by: com.google.gson.JsonSyntaxException: com.google.gson.stream.MalformedJsonException: Expected name at line 4 column 6
	at com.google.gson.Gson.fromJson(Gson.java:818) ~[Gson.class:?]
	at com.google.gson.Gson.fromJson(Gson.java:768) ~[Gson.class:?]
	at com.google.gson.Gson.fromJson(Gson.java:717) ~[Gson.class:?]
	at com.google.gson.Gson.fromJson(Gson.java:689) ~[Gson.class:?]
	at net.minecraftforge.client.model.BlockStateLoader.load(BlockStateLoader.java:55) ~[BlockStateLoader.class:?]
	at net.minecraft.client.renderer.block.model.ModelBlockDefinition.parseFromReader(ModelBlockDefinition.java:35) ~[ModelBlockDefinition.class:?]
	at net.minecraft.client.resources.model.ModelBakery.getModelBlockDefinition(ModelBakery.java:162) ~[ModelBakery.class:?]
	... 19 more
Caused by: com.google.gson.stream.MalformedJsonException: Expected name at line 4 column 6
	at com.google.gson.stream.JsonReader.syntaxError(JsonReader.java:1505) ~[JsonReader.class:?]
	at com.google.gson.stream.JsonReader.doPeek(JsonReader.java:494) ~[JsonReader.class:?]
	at com.google.gson.stream.JsonReader.skipValue(JsonReader.java:1209) ~[JsonReader.class:?]
	at com.google.gson.internal.bind.ReflectiveTypeAdapterFactory$Adapter.read(ReflectiveTypeAdapterFactory.java:170) ~[ReflectiveTypeAdapterFactory$Adapter.class:?]
	at com.google.gson.Gson.fromJson(Gson.java:803) ~[Gson.class:?]
	at com.google.gson.Gson.fromJson(Gson.java:768) ~[Gson.class:?]
	at com.google.gson.Gson.fromJson(Gson.java:717) ~[Gson.class:?]
	at com.google.gson.Gson.fromJson(Gson.java:689) ~[Gson.class:?]
	at net.minecraftforge.client.model.BlockStateLoader.load(BlockStateLoader.java:55) ~[BlockStateLoader.class:?]
	at net.minecraft.client.renderer.block.model.ModelBlockDefinition.parseFromReader(ModelBlockDefinition.java:35) ~[ModelBlockDefinition.class:?]
	at net.minecraft.client.resources.model.ModelBakery.getModelBlockDefinition(ModelBakery.java:162) ~[ModelBakery.class:?]
	... 19 more
[20:26:15] [Client thread/INFO]: Created: 512x512 textures-atlas
[20:26:28] [Server thread/INFO]: Starting integrated minecraft server version 1.8
[20:26:28] [Server thread/INFO]: Generating keypair
[20:26:29] [Server thread/INFO]: Preparing start region for level 0
[20:26:30] [Server thread/INFO]: Changing view distance to 12, from 10
[20:26:31] [Server thread/INFO]: Player957[local:E:d526e29d] logged in with entity id 220 at (159.5295694708034, 81.11356965836752, 314.89772490779995)
[20:26:31] [Server thread/INFO]: Player957 joined the game
[20:26:32] [pool-2-thread-1/WARN]: Couldn't look up profile properties for com.mojang.authlib.GameProfile@5d7b361[id=094b1c52-a449-3e9f-896c-59239b943c71,name=Player957,properties={},legacy=false]
com.mojang.authlib.exceptions.AuthenticationException: The client has sent too many requests within a certain amount of time
	at com.mojang.authlib.yggdrasil.YggdrasilAuthenticationService.makeRequest(YggdrasilAuthenticationService.java:65) ~[YggdrasilAuthenticationService.class:?]
	at com.mojang.authlib.yggdrasil.YggdrasilMinecraftSessionService.fillGameProfile(YggdrasilMinecraftSessionService.java:158) [YggdrasilMinecraftSessionService.class:?]
	at com.mojang.authlib.yggdrasil.YggdrasilMinecraftSessionService$1.load(YggdrasilMinecraftSessionService.java:53) [YggdrasilMinecraftSessionService$1.class:?]
	at com.mojang.authlib.yggdrasil.YggdrasilMinecraftSessionService$1.load(YggdrasilMinecraftSessionService.java:50) [YggdrasilMinecraftSessionService$1.class:?]
	at com.google.common.cache.LocalCache$LoadingValueReference.loadFuture(LocalCache.java:3524) [guava-17.0.jar:?]
	at com.google.common.cache.LocalCache$Segment.loadSync(LocalCache.java:2317) [guava-17.0.jar:?]
	at com.google.common.cache.LocalCache$Segment.lockedGetOrLoad(LocalCache.java:2280) [guava-17.0.jar:?]
	at com.google.common.cache.LocalCache$Segment.get(LocalCache.java:2195) [guava-17.0.jar:?]
	at com.google.common.cache.LocalCache.get(LocalCache.java:3934) [guava-17.0.jar:?]
	at com.google.common.cache.LocalCache.getOrLoad(LocalCache.java:3938) [guava-17.0.jar:?]
	at com.google.common.cache.LocalCache$LocalLoadingCache.get(LocalCache.java:4821) [guava-17.0.jar:?]
	at com.google.common.cache.LocalCache$LocalLoadingCache.getUnchecked(LocalCache.java:4827) [guava-17.0.jar:?]
	at com.mojang.authlib.yggdrasil.YggdrasilMinecraftSessionService.fillProfileProperties(YggdrasilMinecraftSessionService.java:148) [YggdrasilMinecraftSessionService.class:?]
	at net.minecraft.client.resources.SkinManager$3.run(SkinManager.java:138) [SkinManager$3.class:?]
	at java.util.concurrent.Executors$RunnableAdapter.call(Unknown Source) [?:1.8.0_45]
	at java.util.concurrent.FutureTask.run(Unknown Source) [?:1.8.0_45]
	at java.util.concurrent.ThreadPoolExecutor.runWorker(Unknown Source) [?:1.8.0_45]
	at java.util.concurrent.ThreadPoolExecutor$Worker.run(Unknown Source) [?:1.8.0_45]
	at java.lang.Thread.run(Unknown Source) [?:1.8.0_45]
[20:26:38] [Server thread/INFO]: Player957 has just earned the achievement [Taking Inventory]
[20:26:38] [Client thread/INFO]: [CHAT] Player957 has just earned the achievement [Taking Inventory]
[20:26:42] [Server thread/INFO]: Saving and pausing game...
[20:26:42] [Server thread/INFO]: Saving chunks for level 'New World'/Overworld
[20:26:42] [Server thread/INFO]: Saving chunks for level 'New World'/Nether
[20:26:43] [Server thread/INFO]: Saving chunks for level 'New World'/The End
[20:26:43] [Server thread/INFO]: Stopping server
[20:26:43] [Server thread/INFO]: Saving players
[20:26:43] [Server thread/INFO]: Saving worlds
[20:26:43] [Server thread/INFO]: Saving chunks for level 'New World'/Overworld
[20:26:43] [Server thread/INFO]: Saving chunks for level 'New World'/Nether
[20:26:43] [Server thread/INFO]: Saving chunks for level 'New World'/The End
[20:26:44] [Client thread/INFO]: Stopping!
[20:26:44] [Client thread/INFO]: SoundSystem shutting down...
[20:26:44] [Client thread/WARN]: Author: Paul Lamb, www.paulscode.com
